0 info it worked if it ends with ok
1 verbose cli [ '/usr/local/bin/node', '/usr/local/bin/npm', 'run', 'build' ]
2 info using npm@3.10.10
3 info using node@v6.10.2
4 verbose run-script [ 'prebuild', 'build', 'postbuild' ]
5 info lifecycle list-of-ingredients@~prebuild: list-of-ingredients@
6 silly lifecycle list-of-ingredients@~prebuild: no script for prebuild, continuing
7 info lifecycle list-of-ingredients@~build: list-of-ingredients@
8 verbose lifecycle list-of-ingredients@~build: unsafe-perm in lifecycle true
9 verbose lifecycle list-of-ingredients@~build: PATH: /usr/local/lib/node_modules/npm/bin/node-gyp-bin:/Users/phillipneiman/Desktop/coctelsapp/node_modules/.bin:/Users/phillipneiman/.rbenv/shims:/Users/phillipneiman/.rvm/gems/ruby-2.4.0/bin:/Users/phillipneiman/.rvm/gems/ruby-2.4.0@global/bin:/Users/phillipneiman/.rvm/rubies/ruby-2.4.0/bin:/usr/local/bin:/usr/bin:/bin:/usr/sbin:/sbin:/Users/phillipneiman/.rvm/bin
10 verbose lifecycle list-of-ingredients@~build: CWD: /Users/phillipneiman/Desktop/coctelsapp
11 silly lifecycle list-of-ingredients@~build: Args: [ '-c', 'cd client && npm install && npm run build && cd ..' ]
12 silly lifecycle list-of-ingredients@~build: Returned: code: 1  signal: null
13 info lifecycle list-of-ingredients@~build: Failed to exec build script
14 verbose stack Error: list-of-ingredients@ build: `cd client && npm install && npm run build && cd ..`
14 verbose stack Exit status 1
14 verbose stack     at EventEmitter.<anonymous> (/usr/local/lib/node_modules/npm/lib/utils/lifecycle.js:255:16)
14 verbose stack     at emitTwo (events.js:106:13)
14 verbose stack     at EventEmitter.emit (events.js:191:7)
14 verbose stack     at ChildProcess.<anonymous> (/usr/local/lib/node_modules/npm/lib/utils/spawn.js:40:14)
14 verbose stack     at emitTwo (events.js:106:13)
14 verbose stack     at ChildProcess.emit (events.js:191:7)
14 verbose stack     at maybeClose (internal/child_process.js:886:16)
14 verbose stack     at Process.ChildProcess._handle.onexit (internal/child_process.js:226:5)
15 verbose pkgid list-of-ingredients@
16 verbose cwd /Users/phillipneiman/Desktop/coctelsapp
17 error Darwin 15.6.0
18 error argv "/usr/local/bin/node" "/usr/local/bin/npm" "run" "build"
19 error node v6.10.2
20 error npm  v3.10.10
21 error code ELIFECYCLE
22 error list-of-ingredients@ build: `cd client && npm install && npm run build && cd ..`
22 error Exit status 1
23 error Failed at the list-of-ingredients@ build script 'cd client && npm install && npm run build && cd ..'.
23 error Make sure you have the latest version of node.js and npm installed.
23 error If you do, this is most likely a problem with the list-of-ingredients package,
23 error not with npm itself.
23 error Tell the author that this fails on your system:
23 error     cd client && npm install && npm run build && cd ..
23 error You can get information on how to open an issue for this project with:
23 error     npm bugs list-of-ingredients
23 error Or if that isn't available, you can get their info via:
23 error     npm owner ls list-of-ingredients
23 error There is likely additional logging output above.
24 verbose exit [ 1, true ]
